2023-08-06 05:14:17.470407 - Initialized conversion of CBT563
2023-08-06 05:14:18.391410 - Received CBT.V505.FILE563.PDS from FILE563.XMI 
2023-08-06 05:14:18.393603 - Found $$$#DATE.txt (text/plain) in CBT.V505.FILE563.PDS, moved to PDS/$$$#DATE
2023-08-06 05:14:18.394544 - Found $$NOTE1.txt (text/plain) in CBT.V505.FILE563.PDS, moved to PDS/$$NOTE1
2023-08-06 05:14:18.395511 - Found $$README.txt (text/plain) in CBT.V505.FILE563.PDS, moved to PDS/$$README
2023-08-06 05:14:18.396613 - Found @FILE563.txt (text/plain) in CBT.V505.FILE563.PDS, moved to PDS/@FILE563
2023-08-06 05:14:18.397512 - Found ABEND.txt (text/plain) in CBT.V505.FILE563.PDS, moved to PDS/ABEND
2023-08-06 05:14:18.398550 - Found ABNLTRM.txt (text/plain) in CBT.V505.FILE563.PDS, moved to PDS/ABNLTRM
2023-08-06 05:14:18.399463 - Found ADDVERB.txt (text/plain) in CBT.V505.FILE563.PDS, moved to PDS/ADDVERB
2023-08-06 05:14:18.400308 - Found AFP5A.txt (text/plain) in CBT.V505.FILE563.PDS, moved to PDS/AFP5A
2023-08-06 05:14:18.401240 - Found ALLDYNCB.txt (text/plain) in CBT.V505.FILE563.PDS, moved to PDS/ALLDYNCB
2023-08-06 05:14:18.402371 - Found ALLDYNC2.txt (text/plain) in CBT.V505.FILE563.PDS, moved to PDS/ALLDYNC2
2023-08-06 05:14:18.403300 - Found ALLDYNC3.txt (text/plain) in CBT.V505.FILE563.PDS, moved to PDS/ALLDYNC3
2023-08-06 05:14:18.404482 - Found ALLDYN4.txt (text/plain) in CBT.V505.FILE563.PDS, moved to PDS/ALLDYN4
2023-08-06 05:14:18.405453 - Found BCBSEXTR.txt (text/plain) in CBT.V505.FILE563.PDS, moved to PDS/BCBSEXTR
2023-08-06 05:14:18.406422 - Found BCBSEXT2.txt (text/plain) in CBT.V505.FILE563.PDS, moved to PDS/BCBSEXT2
2023-08-06 05:14:18.407398 - Found BCBSEXT3.txt (text/plain) in CBT.V505.FILE563.PDS, moved to PDS/BCBSEXT3
2023-08-06 05:14:18.408281 - Found BMPCOBOL.txt (text/plain) in CBT.V505.FILE563.PDS, moved to PDS/BMPCOBOL
2023-08-06 05:14:18.409212 - Found BRCHVERB.txt (text/plain) in CBT.V505.FILE563.PDS, moved to PDS/BRCHVERB
2023-08-06 05:14:18.410142 - Found CALLABDP.txt (text/plain) in CBT.V505.FILE563.PDS, moved to PDS/CALLABDP
2023-08-06 05:14:18.411009 - Found CALLABOV.txt (text/plain) in CBT.V505.FILE563.PDS, moved to PDS/CALLABOV
2023-08-06 05:14:18.411971 - Found CALLALDY.txt (text/plain) in CBT.V505.FILE563.PDS, moved to PDS/CALLALDY
2023-08-06 05:14:18.412872 - Found CALLBLO.txt (text/plain) in CBT.V505.FILE563.PDS, moved to PDS/CALLBLO
2023-08-06 05:14:18.413887 - Found CALLCBLT.txt (text/plain) in CBT.V505.FILE563.PDS, moved to PDS/CALLCBLT
2023-08-06 05:14:18.414840 - Found CALLCBND.txt (text/plain) in CBT.V505.FILE563.PDS, moved to PDS/CALLCBND
2023-08-06 05:14:18.415737 - Found CALLCLMN.txt (text/plain) in CBT.V505.FILE563.PDS, moved to PDS/CALLCLMN
2023-08-06 05:14:18.416575 - Found CALLCNYY.txt (text/plain) in CBT.V505.FILE563.PDS, moved to PDS/CALLCNYY
2023-08-06 05:14:18.417429 - Found CALLCPGM.txt (text/plain) in CBT.V505.FILE563.PDS, moved to PDS/CALLCPGM
2023-08-06 05:14:18.418407 - Found CALLCRVL.txt (text/plain) in CBT.V505.FILE563.PDS, moved to PDS/CALLCRVL
2023-08-06 05:14:18.419290 - Found CALLDB2A.txt (text/plain) in CBT.V505.FILE563.PDS, moved to PDS/CALLDB2A
2023-08-06 05:14:18.420167 - Found CALLDTIN.txt (text/plain) in CBT.V505.FILE563.PDS, moved to PDS/CALLDTIN
2023-08-06 05:14:18.421068 - Found CALLDYNA.txt (text/plain) in CBT.V505.FILE563.PDS, moved to PDS/CALLDYNA
2023-08-06 05:14:18.421956 - Found CALLDYN2.txt (text/plain) in CBT.V505.FILE563.PDS, moved to PDS/CALLDYN2
2023-08-06 05:14:18.422928 - Found CALLFILE.txt (text/plain) in CBT.V505.FILE563.PDS, moved to PDS/CALLFILE
2023-08-06 05:14:18.423822 - Found CALLGDCB.txt (text/plain) in CBT.V505.FILE563.PDS, moved to PDS/CALLGDCB
2023-08-06 05:14:18.424755 - Found CALLGDG.txt (text/plain) in CBT.V505.FILE563.PDS, moved to PDS/CALLGDG
2023-08-06 05:14:18.425705 - Found CALLGDSN.txt (text/plain) in CBT.V505.FILE563.PDS, moved to PDS/CALLGDSN
2023-08-06 05:14:18.426593 - Found CALLGRPC.txt (text/plain) in CBT.V505.FILE563.PDS, moved to PDS/CALLGRPC
2023-08-06 05:14:18.427576 - Found CALLGTDS.txt (text/plain) in CBT.V505.FILE563.PDS, moved to PDS/CALLGTDS
2023-08-06 05:14:18.428503 - Found CALLGTDT.txt (text/plain) in CBT.V505.FILE563.PDS, moved to PDS/CALLGTDT
2023-08-06 05:14:18.429410 - Found CALLGTD3.txt (text/plain) in CBT.V505.FILE563.PDS, moved to PDS/CALLGTD3
2023-08-06 05:14:18.430360 - Found CALLGTVL.txt (text/plain) in CBT.V505.FILE563.PDS, moved to PDS/CALLGTVL
2023-08-06 05:14:18.431301 - Found CALLGTVM.txt (text/plain) in CBT.V505.FILE563.PDS, moved to PDS/CALLGTVM
2023-08-06 05:14:18.432233 - Found CALLJBIN.txt (text/plain) in CBT.V505.FILE563.PDS, moved to PDS/CALLJBIN
2023-08-06 05:14:18.433181 - Found CALLMLCK.txt (text/plain) in CBT.V505.FILE563.PDS, moved to PDS/CALLMLCK
2023-08-06 05:14:18.434142 - Found CALLPASS.txt (text/plain) in CBT.V505.FILE563.PDS, moved to PDS/CALLPASS
2023-08-06 05:14:18.435063 - Found CALLRNMF.txt (text/plain) in CBT.V505.FILE563.PDS, moved to PDS/CALLRNMF
2023-08-06 05:14:18.435955 - Found CALLSNAP.txt (text/plain) in CBT.V505.FILE563.PDS, moved to PDS/CALLSNAP
2023-08-06 05:14:18.436890 - Found CALLSVDA.txt (text/plain) in CBT.V505.FILE563.PDS, moved to PDS/CALLSVDA
2023-08-06 05:14:18.437798 - Found CALLVERB.txt (text/plain) in CBT.V505.FILE563.PDS, moved to PDS/CALLVERB
2023-08-06 05:14:18.438784 - Found CALLVOLS.txt (text/plain) in CBT.V505.FILE563.PDS, moved to PDS/CALLVOLS
2023-08-06 05:14:18.439667 - Found CALLWAIT.txt (text/plain) in CBT.V505.FILE563.PDS, moved to PDS/CALLWAIT
2023-08-06 05:14:18.440516 - Found CALLWTO.txt (text/plain) in CBT.V505.FILE563.PDS, moved to PDS/CALLWTO
2023-08-06 05:14:18.441419 - Found CALL095C.txt (text/plain) in CBT.V505.FILE563.PDS, moved to PDS/CALL095C
2023-08-06 05:14:18.442332 - Found CALL31BT.txt (text/plain) in CBT.V505.FILE563.PDS, moved to PDS/CALL31BT
2023-08-06 05:14:18.443300 - Found CBL2TRAC.txt (text/plain) in CBT.V505.FILE563.PDS, moved to PDS/CBL2TRAC
2023-08-06 05:14:18.444185 - Found CHECKTIM.txt (text/plain) in CBT.V505.FILE563.PDS, moved to PDS/CHECKTIM
2023-08-06 05:14:18.445283 - Found CHEKCOPY.txt (text/plain) in CBT.V505.FILE563.PDS, moved to PDS/CHEKCOPY
2023-08-06 05:14:18.446252 - Found CHGDDNAM.txt (text/plain) in CBT.V505.FILE563.PDS, moved to PDS/CHGDDNAM
2023-08-06 05:14:18.447164 - Found CHKPARMS.txt (text/plain) in CBT.V505.FILE563.PDS, moved to PDS/CHKPARMS
2023-08-06 05:14:18.447174 - Found CHKRECD.bin containing application/octet-stream, moved to PDS/CHKRECD
2023-08-06 05:14:18.449167 - Found CMPRMACH.txt (text/plain) in CBT.V505.FILE563.PDS, moved to PDS/CMPRMACH
2023-08-06 05:14:18.450138 - Found CNV32BIT.txt (text/plain) in CBT.V505.FILE563.PDS, moved to PDS/CNV32BIT
2023-08-06 05:14:18.451101 - Found COBLMSGS.txt (text/plain) in CBT.V505.FILE563.PDS, moved to PDS/COBLMSGS
2023-08-06 05:14:18.452055 - Found COBLSORT.txt (text/plain) in CBT.V505.FILE563.PDS, moved to PDS/COBLSORT
2023-08-06 05:14:18.453013 - Found COBLUTIL.txt (text/plain) in CBT.V505.FILE563.PDS, moved to PDS/COBLUTIL
2023-08-06 05:14:18.454009 - Found COBSUBD1.txt (text/plain) in CBT.V505.FILE563.PDS, moved to PDS/COBSUBD1
2023-08-06 05:14:18.454974 - Found COBSUBD2.txt (text/plain) in CBT.V505.FILE563.PDS, moved to PDS/COBSUBD2
2023-08-06 05:14:18.455942 - Found COBSUBS1.txt (text/plain) in CBT.V505.FILE563.PDS, moved to PDS/COBSUBS1
2023-08-06 05:14:18.456870 - Found COBSUBS2.txt (text/plain) in CBT.V505.FILE563.PDS, moved to PDS/COBSUBS2
2023-08-06 05:14:18.457872 - Found COBVMAIN.txt (text/plain) in CBT.V505.FILE563.PDS, moved to PDS/COBVMAIN
2023-08-06 05:14:18.458785 - Found COBVSSR.txt (text/plain) in CBT.V505.FILE563.PDS, moved to PDS/COBVSSR
2023-08-06 05:14:18.459752 - Found COBVSUBR.txt (text/plain) in CBT.V505.FILE563.PDS, moved to PDS/COBVSUBR
2023-08-06 05:14:18.460726 - Found COBVSUB1.txt (text/plain) in CBT.V505.FILE563.PDS, moved to PDS/COBVSUB1
2023-08-06 05:14:18.461622 - Found COBVSUB2.txt (text/plain) in CBT.V505.FILE563.PDS, moved to PDS/COBVSUB2
2023-08-06 05:14:18.462602 - Found COB2DSPL.txt (text/plain) in CBT.V505.FILE563.PDS, moved to PDS/COB2DSPL
2023-08-06 05:14:18.463559 - Found COB2MAIN.txt (text/plain) in CBT.V505.FILE563.PDS, moved to PDS/COB2MAIN
2023-08-06 05:14:18.464550 - Found COB2RES.txt (text/plain) in CBT.V505.FILE563.PDS, moved to PDS/COB2RES
2023-08-06 05:14:18.465581 - Found COB2SSR.txt (text/plain) in CBT.V505.FILE563.PDS, moved to PDS/COB2SSR
2023-08-06 05:14:18.466551 - Found COB2SUBR.txt (text/plain) in CBT.V505.FILE563.PDS, moved to PDS/COB2SUBR
2023-08-06 05:14:18.467479 - Found COB2SUB1.txt (text/plain) in CBT.V505.FILE563.PDS, moved to PDS/COB2SUB1
2023-08-06 05:14:18.468437 - Found COB2SUB2.txt (text/plain) in CBT.V505.FILE563.PDS, moved to PDS/COB2SUB2
2023-08-06 05:14:18.469437 - Found COB3MAIN.txt (text/plain) in CBT.V505.FILE563.PDS, moved to PDS/COB3MAIN
2023-08-06 05:14:18.470298 - Found CONTINU.txt (text/plain) in CBT.V505.FILE563.PDS, moved to PDS/CONTINU
2023-08-06 05:14:18.471257 - Found COPYERRS.txt (text/plain) in CBT.V505.FILE563.PDS, moved to PDS/COPYERRS
2023-08-06 05:14:18.472204 - Found COPYFILE.txt (text/plain) in CBT.V505.FILE563.PDS, moved to PDS/COPYFILE
2023-08-06 05:14:18.473168 - Found COPYTEST.txt (text/plain) in CBT.V505.FILE563.PDS, moved to PDS/COPYTEST
2023-08-06 05:14:18.474038 - Found CRE8VSAM.txt (text/plain) in CBT.V505.FILE563.PDS, moved to PDS/CRE8VSAM
2023-08-06 05:14:18.474955 - Found CTLBLOX2.txt (text/plain) in CBT.V505.FILE563.PDS, moved to PDS/CTLBLOX2
2023-08-06 05:14:18.475823 - Found CTLBLOX3.txt (text/plain) in CBT.V505.FILE563.PDS, moved to PDS/CTLBLOX3
2023-08-06 05:14:18.476725 - Found CTLBLOX4.txt (text/plain) in CBT.V505.FILE563.PDS, moved to PDS/CTLBLOX4
2023-08-06 05:14:18.477625 - Found CTRLBLOX.txt (text/plain) in CBT.V505.FILE563.PDS, moved to PDS/CTRLBLOX
2023-08-06 05:14:18.478633 - Found C1UEXT02.txt (text/plain) in CBT.V505.FILE563.PDS, moved to PDS/C1UEXT02
2023-08-06 05:14:18.479644 - Found DATEINFO.txt (text/plain) in CBT.V505.FILE563.PDS, moved to PDS/DATEINFO
2023-08-06 05:14:18.480649 - Found DATES.txt (text/plain) in CBT.V505.FILE563.PDS, moved to PDS/DATES
2023-08-06 05:14:18.481520 - Found DYNAMSB1.txt (text/plain) in CBT.V505.FILE563.PDS, moved to PDS/DYNAMSB1
2023-08-06 05:14:18.482596 - Found EMP.txt (text/plain) in CBT.V505.FILE563.PDS, moved to PDS/EMP
2023-08-06 05:14:18.483597 - Found ERRMSG.txt (text/plain) in CBT.V505.FILE563.PDS, moved to PDS/ERRMSG
2023-08-06 05:14:18.484573 - Found FILLBLOW.txt (text/plain) in CBT.V505.FILE563.PDS, moved to PDS/FILLBLOW
2023-08-06 05:14:18.485576 - Found FLTPNT.txt (text/plain) in CBT.V505.FILE563.PDS, moved to PDS/FLTPNT
2023-08-06 05:14:18.486574 - Found GENLDAT2.txt (text/plain) in CBT.V505.FILE563.PDS, moved to PDS/GENLDAT2
2023-08-06 05:14:18.487468 - Found GETJOBN.txt (text/plain) in CBT.V505.FILE563.PDS, moved to PDS/GETJOBN
2023-08-06 05:14:18.488419 - Found GTULRECL.txt (text/plain) in CBT.V505.FILE563.PDS, moved to PDS/GTULRECL
2023-08-06 05:14:18.489403 - Found MCTFSEQ.txt (text/plain) in CBT.V505.FILE563.PDS, moved to PDS/MCTFSEQ
2023-08-06 05:14:18.490375 - Found MRRECCOB.txt (text/plain) in CBT.V505.FILE563.PDS, moved to PDS/MRRECCOB
2023-08-06 05:14:18.491385 - Found MULTPROG.txt (text/plain) in CBT.V505.FILE563.PDS, moved to PDS/MULTPROG
2023-08-06 05:14:18.492313 - Found MULTTEST.txt (text/plain) in CBT.V505.FILE563.PDS, moved to PDS/MULTTEST
2023-08-06 05:14:18.493281 - Found PAYROLL.txt (text/plain) in CBT.V505.FILE563.PDS, moved to PDS/PAYROLL
2023-08-06 05:14:18.494248 - Found POINTER1.txt (text/plain) in CBT.V505.FILE563.PDS, moved to PDS/POINTER1
2023-08-06 05:14:18.495167 - Found POINTER2.txt (text/plain) in CBT.V505.FILE563.PDS, moved to PDS/POINTER2
2023-08-06 05:14:18.496072 - Found POINTER3.txt (text/plain) in CBT.V505.FILE563.PDS, moved to PDS/POINTER3
2023-08-06 05:14:18.497069 - Found PRTCC.txt (text/plain) in CBT.V505.FILE563.PDS, moved to PDS/PRTCC
2023-08-06 05:14:18.497948 - Found PRTFPRAN.txt (text/plain) in CBT.V505.FILE563.PDS, moved to PDS/PRTFPRAN
2023-08-06 05:14:18.498935 - Found PRTHEX.txt (text/plain) in CBT.V505.FILE563.PDS, moved to PDS/PRTHEX
2023-08-06 05:14:18.499909 - Found PRTINFO.txt (text/plain) in CBT.V505.FILE563.PDS, moved to PDS/PRTINFO
2023-08-06 05:14:18.500833 - Found RANDMCTF.txt (text/plain) in CBT.V505.FILE563.PDS, moved to PDS/RANDMCTF
2023-08-06 05:14:18.501802 - Found RANDXREF.txt (text/plain) in CBT.V505.FILE563.PDS, moved to PDS/RANDXREF
2023-08-06 05:14:18.502732 - Found READCVT.txt (text/plain) in CBT.V505.FILE563.PDS, moved to PDS/READCVT
2023-08-06 05:14:18.502741 - Found RECDEF.bin containing application/octet-stream, moved to PDS/RECDEF
2023-08-06 05:14:18.504581 - Found REFORMAT.txt (text/plain) in CBT.V505.FILE563.PDS, moved to PDS/REFORMAT
2023-08-06 05:14:18.505476 - Found RZZMIX.txt (text/plain) in CBT.V505.FILE563.PDS, moved to PDS/RZZMIX
2023-08-06 05:14:18.506401 - Found SETUPBLL.txt (text/plain) in CBT.V505.FILE563.PDS, moved to PDS/SETUPBLL
2023-08-06 05:14:18.507344 - Found SKELETON.txt (text/plain) in CBT.V505.FILE563.PDS, moved to PDS/SKELETON
2023-08-06 05:14:18.508286 - Found SORTVERB.txt (text/plain) in CBT.V505.FILE563.PDS, moved to PDS/SORTVERB
2023-08-06 05:14:18.509262 - Found SRTSVC99.txt (text/plain) in CBT.V505.FILE563.PDS, moved to PDS/SRTSVC99
2023-08-06 05:14:18.510246 - Found STARTREK.txt (text/plain) in CBT.V505.FILE563.PDS, moved to PDS/STARTREK
2023-08-06 05:14:18.511174 - Found SUBANAL.txt (text/plain) in CBT.V505.FILE563.PDS, moved to PDS/SUBANAL
2023-08-06 05:14:18.512103 - Found TGTCOBV.txt (text/plain) in CBT.V505.FILE563.PDS, moved to PDS/TGTCOBV
2023-08-06 05:14:18.513078 - Found TSTDYNA.txt (text/plain) in CBT.V505.FILE563.PDS, moved to PDS/TSTDYNA
2023-08-06 05:14:18.513990 - Found TSTFREPL.txt (text/plain) in CBT.V505.FILE563.PDS, moved to PDS/TSTFREPL
2023-08-06 05:14:18.514972 - Found TSTGNLDT.txt (text/plain) in CBT.V505.FILE563.PDS, moved to PDS/TSTGNLDT
2023-08-06 05:14:18.515843 - Found TWOPROG.txt (text/plain) in CBT.V505.FILE563.PDS, moved to PDS/TWOPROG
2023-08-06 05:14:18.516727 - Found VERBCHEK.txt (text/plain) in CBT.V505.FILE563.PDS, moved to PDS/VERBCHEK
2023-08-06 05:14:18.517622 - Found VSAMVERB.txt (text/plain) in CBT.V505.FILE563.PDS, moved to PDS/VSAMVERB
2023-08-06 05:14:18.518565 - Found WRTFBA.txt (text/plain) in CBT.V505.FILE563.PDS, moved to PDS/WRTFBA
2023-08-06 05:14:18.519518 - Found WRTQSAM.txt (text/plain) in CBT.V505.FILE563.PDS, moved to PDS/WRTQSAM
2023-08-06 05:14:18.520370 - Found WRTVRBL.txt (text/plain) in CBT.V505.FILE563.PDS, moved to PDS/WRTVRBL
2023-08-06 05:14:18.521287 - Found XFOOT.txt (text/plain) in CBT.V505.FILE563.PDS, moved to PDS/XFOOT
